<?xml version="1.0" encoding="UTF-8"?>
<!-- Generated by org.testng.reporters.JUnitReportReporter -->
<testsuite hostname="LAPTOP-5SL2JFF8" failures="0" tests="2" name="LoginAlertTest" time="4.570" errors="0" timestamp="2023-09-18T19:06:31 CEST" skipped="0">
  <testcase classname="LoginAlertTest" name="loginWithWrongCredentialsTest" time="2.789"/>
  <testcase classname="LoginAlertTest" name="loginWithRightCredentialsTest" time="1.781"/>
</testsuite> <!-- LoginAlertTest -->
