<?xml version="1.0" encoding="UTF-8"?>
<!-- Generated by org.testng.reporters.JUnitReportReporter -->
<testsuite hostname="LAPTOP-5SL2JFF8" failures="0" tests="1" name="PelckmansTest" time="2.526" errors="0" timestamp="2023-09-18T19:06:31 CEST" skipped="0">
  <testcase classname="PelckmansTest" name="menuItemsTest" time="2.526"/>
</testsuite> <!-- PelckmansTest -->
